android/app/build/intermediates/manifest_merge_blame_file/debug/manifest-merger-blame-debug-report.txt
1<?xml version="1.0" encoding="utf-8"?>
2<manifest xmlns:android="http://schemas.android.com/apk/res/android"
3    package="com.example"
4    android:versionCode="1"
5    android:versionName="1.0" >
6
7    <uses-sdk
8        android:minSdkVersion="21"
9        android:targetSdkVersion="31" />
10
11    <uses-permission android:name="android.permission.SYSTEM_ALERT_WINDOW" />
11-->src/debug/AndroidManifest.xml:5:5-77
11-->src/debug/AndroidManifest.xml:5:22-75
12    <uses-permission android:name="android.permission.INTERNET" />
12-->src/main/AndroidManifest.xml:4:5-67
12-->src/main/AndroidManifest.xml:4:22-64
13    <uses-permission android:name="android.permission.ACCESS_WIFI_STATE" />
13-->[com.facebook.flipper:flipper:0.54.0] AndroidManifest.xml:16:5-76
13-->[com.facebook.flipper:flipper:0.54.0] AndroidManifest.xml:16:22-73
14    <uses-permission android:name="android.permission.ACCESS_NETWORK_STATE" />
14-->[:liveness] AndroidManifest.xml:9:5-79
14-->[:liveness] AndroidManifest.xml:9:22-76
15
16    <uses-feature android:name="android.hardware.camera" />
16-->[ai.advance.mobile-sdk.android:liveness-detection:2.1.3] AndroidManifest.xml:9:5-60
16-->[ai.advance.mobile-sdk.android:liveness-detection:2.1.3] AndroidManifest.xml:9:19-57
17
18    <uses-permission android:name="android.permission.CAMERA" />
18-->[ai.advance.mobile-sdk.android:liveness-detection:2.1.3] AndroidManifest.xml:12:5-65
18-->[ai.advance.mobile-sdk.android:liveness-detection:2.1.3] AndroidManifest.xml:12:22-62
19
20    <application
20-->src/main/AndroidManifest.xml:6:5-25:19
21        android:name="com.example.MainApplication"
21-->src/main/AndroidManifest.xml:7:7-38
22        android:allowBackup="false"
22-->src/main/AndroidManifest.xml:11:7-34
23        android:appComponentFactory="androidx.core.app.CoreComponentFactory"
23-->[androidx.core:core:1.7.0] AndroidManifest.xml:24:18-86
24        android:debuggable="true"
25        android:icon="@mipmap/ic_launcher"
25-->src/main/AndroidManifest.xml:9:7-41
26        android:label="@string/app_name"
26-->src/main/AndroidManifest.xml:8:7-39
27        android:roundIcon="@mipmap/ic_launcher_round"
27-->src/main/AndroidManifest.xml:10:7-52
28        android:theme="@style/AppTheme"
28-->src/main/AndroidManifest.xml:12:7-38
29        android:usesCleartextTraffic="true" >
29-->src/debug/AndroidManifest.xml:7:18-53
30        <activity
30-->src/main/AndroidManifest.xml:13:7-23:18
31            android:name="com.example.MainActivity"
31-->src/main/AndroidManifest.xml:14:9-37
32            android:configChanges="keyboard|keyboardHidden|orientation|screenSize|uiMode"
32-->src/main/AndroidManifest.xml:16:9-86
33            android:label="@string/app_name"
33-->src/main/AndroidManifest.xml:15:9-41
34            android:launchMode="singleTask"
34-->src/main/AndroidManifest.xml:17:9-40
35            android:windowSoftInputMode="adjustResize" >
35-->src/main/AndroidManifest.xml:18:9-51
36            <intent-filter>
36-->src/main/AndroidManifest.xml:19:9-22:25
37                <action android:name="android.intent.action.MAIN" />
37-->src/main/AndroidManifest.xml:20:13-65
37-->src/main/AndroidManifest.xml:20:21-62
38
39                <category android:name="android.intent.category.LAUNCHER" />
39-->src/main/AndroidManifest.xml:21:13-73
39-->src/main/AndroidManifest.xml:21:23-70
40            </intent-filter>
41        </activity>
42        <activity android:name="com.facebook.react.devsupport.DevSettingsActivity" />
42-->src/main/AndroidManifest.xml:24:7-84
42-->src/main/AndroidManifest.xml:24:17-81
43        <activity
43-->[:liveness] AndroidManifest.xml:12:9-16:72
44            android:name="ai.advance.liveness.sdk.activity.LivenessActivity"
44-->[:liveness] AndroidManifest.xml:13:13-77
45            android:launchMode="singleTop"
45-->[:liveness] AndroidManifest.xml:14:13-43
46            android:screenOrientation="portrait"
46-->[:liveness] AndroidManifest.xml:15:13-49
47            android:theme="@style/Theme.AppCompat.Light.NoActionBar" />
47-->[:liveness] AndroidManifest.xml:16:13-69
48
49        <provider
49-->[androidx.emoji2:emoji2:1.0.0] AndroidManifest.xml:26:9-34:20
50            android:name="androidx.startup.InitializationProvider"
50-->[androidx.emoji2:emoji2:1.0.0] AndroidManifest.xml:27:13-67
51            android:authorities="com.example.androidx-startup"
51-->[androidx.emoji2:emoji2:1.0.0] AndroidManifest.xml:28:13-68
52            android:exported="false" >
52-->[androidx.emoji2:emoji2:1.0.0] AndroidManifest.xml:29:13-37
53            <meta-data
53-->[androidx.emoji2:emoji2:1.0.0] AndroidManifest.xml:31:13-33:52
54                android:name="androidx.emoji2.text.EmojiCompatInitializer"
54-->[androidx.emoji2:emoji2:1.0.0] AndroidManifest.xml:32:17-75
55                android:value="androidx.startup" />
55-->[androidx.emoji2:emoji2:1.0.0] AndroidManifest.xml:33:17-49
56            <meta-data
56-->[androidx.lifecycle:lifecycle-process:2.4.0] AndroidManifest.xml:31:13-33:52
57                android:name="androidx.lifecycle.ProcessLifecycleInitializer"
57-->[androidx.lifecycle:lifecycle-process:2.4.0] AndroidManifest.xml:32:17-78
58                android:value="androidx.startup" />
58-->[androidx.lifecycle:lifecycle-process:2.4.0] AndroidManifest.xml:33:17-49
59        </provider>
60
61        <service
61-->[ai.advance.mobile-sdk.android:liveness-detection:2.1.3] AndroidManifest.xml:15:9-17:40
62            android:name="ai.advance.liveness.lib.LService"
62-->[ai.advance.mobile-sdk.android:liveness-detection:2.1.3] AndroidManifest.xml:16:13-60
63            android:exported="false" />
63-->[ai.advance.mobile-sdk.android:liveness-detection:2.1.3] AndroidManifest.xml:17:13-37
64        <service
64-->[ai.advance.mobile-sdk.android:liveness-detection:2.1.3] AndroidManifest.xml:18:9-20:40
65            android:name="ai.advance.liveness.lib.RService"
65-->[ai.advance.mobile-sdk.android:liveness-detection:2.1.3] AndroidManifest.xml:19:13-60
66            android:exported="false" />
66-->[ai.advance.mobile-sdk.android:liveness-detection:2.1.3] AndroidManifest.xml:20:13-37
67    </application>
68
69</manifest>